#
# There is insufficient memory for the Java Runtime Environment to continue.
# Native memory allocation (mmap) failed to map 134217728 bytes for Failed to commit area from 0x0000000081400000 to 0x0000000089400000 of length 134217728.
# Possible reasons:
#   The system is out of physical RAM or swap space
#   The process is running with CompressedOops enabled, and the Java Heap may be blocking the growth of the native heap
# Possible solutions:
#   Reduce memory load on the system
#   Increase physical memory or swap space
#   Check if swap backing store is full
#   Decrease Java heap size (-Xmx/-Xms)
#   Decrease number of Java threads
#   Decrease Java thread stack sizes (-Xss)
#   Set larger code cache with -XX:ReservedCodeCacheSize=
#   JVM is running with Unscaled Compressed Oops mode in which the Java heap is
#     placed in the first 4GB address space. The Java Heap base address is the
#     maximum limit for the native heap growth. Please use -XX:HeapBaseMinAddress
#     to set the Java Heap base and to place the Java Heap above 4GB virtual address.
# This output file may be truncated or incomplete.
#
#  Out of Memory Error (./open/src/hotspot/os/windows/os_windows.cpp:3315), pid=1144, tid=9400
#
# JRE version:  (14.0.2+12) (build )
# Java VM: OpenJDK 64-Bit Server VM (14.0.2+12-46, mixed mode, sharing, tiered, compressed oops, g1 gc, windows-amd64)
# No core dump will be written. Minidumps are not enabled by default on client versions of Windows
#

---------------  S U M M A R Y ------------

Command Line: -Dfile.encoding=MS949 -XX:+ShowCodeDetailsInExceptionMessages server.ServerGui

Host: Intel(R) Core(TM) i5-7200U CPU @ 2.50GHz, 4 cores, 7G,  Windows 10 , 64 bit Build 19041 (10.0.19041.662)
Time: Mon Dec 14 15:58:56 2020 대한민국 표준시 elapsed time: 0 seconds (0d 0h 0m 0s)

---------------  T H R E A D  ---------------

Current thread (0x000002492ff1d800):  JavaThread "Unknown thread" [_thread_in_vm, id=9400, stack(0x00000056b8600000,0x00000056b8700000)]

Stack: [0x00000056b8600000,0x00000056b8700000]
Native frames: (J=compiled Java code, j=interpreted, Vv=VM code, C=native code)
V  [jvm.dll+0x5f8a9a]
V  [jvm.dll+0x74247a]
V  [jvm.dll+0x743c2f]
V  [jvm.dll+0x744273]
V  [jvm.dll+0x20d288]
V  [jvm.dll+0x5f5dea]
V  [jvm.dll+0x5eac45]
V  [jvm.dll+0x2c7e9c]
V  [jvm.dll+0x2c7cd2]
V  [jvm.dll+0x2cdbbc]
V  [jvm.dll+0x313fe8]
V  [jvm.dll+0x313710]
V  [jvm.dll+0x2a092a]
V  [jvm.dll+0x2a1a79]
V  [jvm.dll+0x71fd48]
V  [jvm.dll+0x321c14]
V  [jvm.dll+0x70112c]
V  [jvm.dll+0x392def]
V  [jvm.dll+0x394e61]
C  [jli.dll+0x524b]
C  [ucrtbase.dll+0x214c2]
C  [KERNEL32.DLL+0x17034]
C  [ntdll.dll+0x4d0d1]


---------------  P R O C E S S  ---------------

Threads class SMR info:
_java_thread_list=0x00007ffb4ee63038, length=0, elements={
}

Java Threads: ( => current thread )

Other Threads:
  0x000002492ff5e800 GCTaskThread "GC Thread#0" [stack: 0x00000056b8700000,0x00000056b8800000] [id=1256]
  0x000002492ff71800 ConcurrentGCThread "G1 Main Marker" [stack: 0x00000056b8800000,0x00000056b8900000] [id=3472]
  0x000002492ff73000 ConcurrentGCThread "G1 Conc#0" [stack: 0x00000056b8900000,0x00000056b8a00000] [id=2952]

[error occurred during error reporting (printing all threads), id 0xc0000005, EXCEPTION_ACCESS_VIOLATION (0xc0000005) at pc=0x00007ffb4e691257]

VM state:not at safepoint (not fully initialized)

VM Mutex/Monitor currently owned by a thread:  ([mutex/lock_event])
[0x000002492ff0ced0] Heap_lock - owner thread: 0x000002492ff1d800

Heap address: 0x0000000081400000, size: 2028 MB, Compressed Oops mode: 32-bit
Narrow klass base: 0x0000000000000000, Narrow klass shift: 0

GC Heap History (0 events):
No events

Deoptimization events (0 events):
No events

Classes unloaded (0 events):
No events

Classes redefined (0 events):
No events

Internal exceptions (0 events):
No events

Events (2 events):
Event: 0.017 Loaded shared library C:\Users\SM-PC\AppData\Local\Temp\eoiD438.tmp\plugins\org.eclipse.justj.openjdk.hotspot.jre.minimal.stripped.win32.x86_64_14.0.2.v20200815-0932\jre\bin\java.dll
Event: 0.018 Loaded shared library C:\Users\SM-PC\AppData\Local\Temp\eoiD438.tmp\plugins\org.eclipse.justj.openjdk.hotspot.jre.minimal.stripped.win32.x86_64_14.0.2.v20200815-0932\jre\bin\zip.dll


Dynamic libraries:
0x00007ff64f510000 - 0x00007ff64f51d000 	C:\Users\SM-PC\AppData\Local\Temp\eoiD438.tmp\plugins\org.eclipse.justj.openjdk.hotspot.jre.minimal.stripped.win32.x86_64_14.0.2.v20200815-0932\jre\bin\javaw.exe
0x00007ffba4b90000 - 0x00007ffba4d86000 	C:\WINDOWS\SYSTEM32\ntdll.dll
0x00007ffba2bf0000 - 0x00007ffba2cad000 	C:\WINDOWS\System32\KERNEL32.DLL
0x00007ffba2870000 - 0x00007ffba2b39000 	C:\WINDOWS\System32\KERNELBASE.dll
0x00007ffba22d0000 - 0x00007ffba23d0000 	C:\WINDOWS\System32\ucrtbase.dll
0x00007ffb9b2d0000 - 0x00007ffb9b2e8000 	C:\Users\SM-PC\AppData\Local\Temp\eoiD438.tmp\plugins\org.eclipse.justj.openjdk.hotspot.jre.minimal.stripped.win32.x86_64_14.0.2.v20200815-0932\jre\bin\jli.dll
0x00007ffba4620000 - 0x00007ffba47c0000 	C:\WINDOWS\System32\USER32.dll
0x00007ffba2840000 - 0x00007ffba2862000 	C:\WINDOWS\System32\win32u.dll
0x00007ffba3120000 - 0x00007ffba314a000 	C:\WINDOWS\System32\GDI32.dll
0x00007ffba23d0000 - 0x00007ffba24d9000 	C:\WINDOWS\System32\gdi32full.dll
0x00007ffba2740000 - 0x00007ffba27dd000 	C:\WINDOWS\System32\msvcp_win.dll
0x00007ffb996e0000 - 0x00007ffb996f5000 	C:\Users\SM-PC\AppData\Local\Temp\eoiD438.tmp\plugins\org.eclipse.justj.openjdk.hotspot.jre.minimal.stripped.win32.x86_64_14.0.2.v20200815-0932\jre\bin\VCRUNTIME140.dll
0x00007ffb8a540000 - 0x00007ffb8a7db000 	C:\WINDOWS\WinSxS\amd64_microsoft.windows.common-controls_6595b64144ccf1df_6.0.19041.488_none_ca04af081b815d21\COMCTL32.dll
0x00007ffba41c0000 - 0x00007ffba425e000 	C:\WINDOWS\System32\msvcrt.dll
0x00007ffba4180000 - 0x00007ffba41b0000 	C:\WINDOWS\System32\IMM32.DLL
0x00007ffb82540000 - 0x00007ffb825db000 	C:\Users\SM-PC\AppData\Local\Temp\eoiD438.tmp\plugins\org.eclipse.justj.openjdk.hotspot.jre.minimal.stripped.win32.x86_64_14.0.2.v20200815-0932\jre\bin\msvcp140.dll
0x00007ffb4e3e0000 - 0x00007ffb4eefe000 	C:\Users\SM-PC\AppData\Local\Temp\eoiD438.tmp\plugins\org.eclipse.justj.openjdk.hotspot.jre.minimal.stripped.win32.x86_64_14.0.2.v20200815-0932\jre\bin\server\jvm.dll
0x00007ffba4910000 - 0x00007ffba49bc000 	C:\WINDOWS\System32\ADVAPI32.dll
0x00007ffba4260000 - 0x00007ffba42fc000 	C:\WINDOWS\System32\sechost.dll
0x00007ffba4a20000 - 0x00007ffba4b4b000 	C:\WINDOWS\System32\RPCRT4.dll
0x00007ffba3660000 - 0x00007ffba3668000 	C:\WINDOWS\System32\PSAPI.DLL
0x00007ffb89970000 - 0x00007ffb89979000 	C:\WINDOWS\SYSTEM32\WSOCK32.dll
0x00007ffba4110000 - 0x00007ffba417b000 	C:\WINDOWS\System32\WS2_32.dll
0x00007ffb8f4c0000 - 0x00007ffb8f4e7000 	C:\WINDOWS\SYSTEM32\WINMM.dll
0x00007ffb98c40000 - 0x00007ffb98c4a000 	C:\WINDOWS\SYSTEM32\VERSION.dll
0x00007ffba0c00000 - 0x00007ffba0c12000 	C:\WINDOWS\SYSTEM32\kernel.appcore.dll
0x00007ffb9d920000 - 0x00007ffb9d92a000 	C:\Users\SM-PC\AppData\Local\Temp\eoiD438.tmp\plugins\org.eclipse.justj.openjdk.hotspot.jre.minimal.stripped.win32.x86_64_14.0.2.v20200815-0932\jre\bin\jimage.dll
0x00007ffba08c0000 - 0x00007ffba0aa4000 	C:\WINDOWS\SYSTEM32\DBGHELP.DLL
0x00007ffb91100000 - 0x00007ffb9112c000 	C:\WINDOWS\SYSTEM32\dbgcore.DLL
0x00007ffba26c0000 - 0x00007ffba2740000 	C:\WINDOWS\System32\bcryptPrimitives.dll
0x00007ffb8bc90000 - 0x00007ffb8bcb5000 	C:\Users\SM-PC\AppData\Local\Temp\eoiD438.tmp\plugins\org.eclipse.justj.openjdk.hotspot.jre.minimal.stripped.win32.x86_64_14.0.2.v20200815-0932\jre\bin\java.dll
0x00007ffb99590000 - 0x00007ffb995a6000 	C:\Users\SM-PC\AppData\Local\Temp\eoiD438.tmp\plugins\org.eclipse.justj.openjdk.hotspot.jre.minimal.stripped.win32.x86_64_14.0.2.v20200815-0932\jre\bin\zip.dll

dbghelp: loaded successfully - version: 4.0.5 - missing functions: none
symbol engine: initialized successfully - sym options: 0x614 - pdb path: .;C:\Users\SM-PC\AppData\Local\Temp\eoiD438.tmp\plugins\org.eclipse.justj.openjdk.hotspot.jre.minimal.stripped.win32.x86_64_14.0.2.v20200815-0932\jre\bin;C:\WINDOWS\SYSTEM32;C:\WINDOWS\WinSxS\amd64_microsoft.windows.common-controls_6595b64144ccf1df_6.0.19041.488_none_ca04af081b815d21;C:\Users\SM-PC\AppData\Local\Temp\eoiD438.tmp\plugins\org.eclipse.justj.openjdk.hotspot.jre.minimal.stripped.win32.x86_64_14.0.2.v20200815-0932\jre\bin\server

VM Arguments:
jvm_args: -Dfile.encoding=MS949 -XX:+ShowCodeDetailsInExceptionMessages 
java_command: server.ServerGui
java_class_path (initial): C:\Users\SM-PC\eclipse-workspace\BubbleChat1\bin;C:\Users\SM-PC\Downloads\jar_files (1)\jgoodies-common-1.8.1.jar;C:\Users\SM-PC\Downloads\jar_files (1)\jgoodies-forms-1.9.0.jar
Launcher Type: SUN_STANDARD

[Global flags]
     intx CICompilerCount                          = 3                                         {product} {ergonomic}
     uint ConcGCThreads                            = 1                                         {product} {ergonomic}
     uint G1ConcRefinementThreads                  = 4                                         {product} {ergonomic}
   size_t G1HeapRegionSize                         = 1048576                                   {product} {ergonomic}
    uintx GCDrainStackTargetSize                   = 64                                        {product} {ergonomic}
   size_t InitialHeapSize                          = 134217728                                 {product} {ergonomic}
   size_t MarkStackSize                            = 4194304                                   {product} {ergonomic}
   size_t MaxHeapSize                              = 2126512128                                {product} {ergonomic}
   size_t MinHeapDeltaBytes                        = 1048576                                   {product} {ergonomic}
   size_t MinHeapSize                              = 8388608                                   {product} {ergonomic}
    uintx NonNMethodCodeHeapSize                   = 5832780                                {pd product} {ergonomic}
    uintx NonProfiledCodeHeapSize                  = 122912730                              {pd product} {ergonomic}
    uintx ProfiledCodeHeapSize                     = 122912730                              {pd product} {ergonomic}
    uintx ReservedCodeCacheSize                    = 251658240                              {pd product} {ergonomic}
     bool SegmentedCodeCache                       = true                                      {product} {ergonomic}
     bool ShowCodeDetailsInExceptionMessages       = true                                   {manageable} {command line}
   size_t SoftMaxHeapSize                          = 2126512128                             {manageable} {ergonomic}
     bool UseCompressedClassPointers               = true                                 {lp64_product} {ergonomic}
     bool UseCompressedOops                        = true                                 {lp64_product} {ergonomic}
     bool UseG1GC                                  = true                                      {product} {ergonomic}
     bool UseLargePagesIndividualAllocation        = false                                  {pd product} {ergonomic}

Logging:
Log output configuration:
 #0: stdout all=warning uptime,level,tags
 #1: stderr all=off uptime,level,tags

Environment Variables:
JAVA_HOME=C:\Program Files\Java\jdk-15.0.1
CLASSPATH=%classpath%;.;.;.
PATH=C:\Program Files\Common Files\Oracle\Java\javapath;C:\Program Files\Java\jdk-15.0.1\bin;C:\WINDOWS\system32;C:\WINDOWS;C:\WINDOWS\System32\Wbem;C:\WINDOWS\System32\WindowsPowerShell\v1.0\;C:\WINDOWS\System32\OpenSSH\;C:\Program Files\nodejs\;C:\Users\SM-PC\AppData\Roaming\npm;C:\Program Files\PuTTY\;C:\Program Files\Java\jdk-15.0.1bin;C:\Program Files\MySQL\MySQL Shell 8.0\bin\;C:\Users\SM-PC\AppData\Local\Microsoft\WindowsApps;C:\Users\SM-PC\AppData\Local\atom\bin;C:\Users\SM-PC\AppData\Local\Microsoft\WindowsApps;C:\Users\SM-PC\AppData\Roaming\npm;C:\Users\SM-PC\AppData\Local\Programs\Microsoft VS Code\bin
USERNAME=SM-PC
OS=Windows_NT
PROCESSOR_IDENTIFIER=Intel64 Family 6 Model 142 Stepping 9, GenuineIntel



---------------  S Y S T E M  ---------------

OS: Windows 10 , 64 bit Build 19041 (10.0.19041.662)
OS uptime: 0 days 14:35 hours

CPU:total 4 (initial active 4) (2 cores per cpu, 2 threads per core) family 6 model 142 stepping 9, cmov, cx8, fxsr, mmx, sse, sse2, sse3, ssse3, sse4.1, sse4.2, popcnt, avx, avx2, aes, clmul, erms, 3dnowpref, lzcnt, ht, tsc, tscinvbit, bmi1, bmi2, adx, fma

Memory: 4k page, system-wide physical 8105M (1018M free)
TotalPageFile size 8105M (AvailPageFile size 11M)
current process WorkingSet (physical memory assigned to process): 10M, peak: 10M
current process commit charge ("private bytes"): 51M, peak: 179M

vm_info: OpenJDK 64-Bit Server VM (14.0.2+12-46) for windows-amd64 JRE (14.0.2+12-46), built on Jul  9 2020 00:31:16 by "mach5one" with MS VC++ 15.9 (VS2017)

END.
