#
# There is insufficient memory for the Java Runtime Environment to continue.
# Native memory allocation (malloc) failed to allocate 32744 bytes for ChunkPool::allocate
# Possible reasons:
#   The system is out of physical RAM or swap space
#   The process is running with CompressedOops enabled, and the Java Heap may be blocking the growth of the native heap
# Possible solutions:
#   Reduce memory load on the system
#   Increase physical memory or swap space
#   Check if swap backing store is full
#   Decrease Java heap size (-Xmx/-Xms)
#   Decrease number of Java threads
#   Decrease Java thread stack sizes (-Xss)
#   Set larger code cache with -XX:ReservedCodeCacheSize=
#   JVM is running with Unscaled Compressed Oops mode in which the Java heap is
#     placed in the first 4GB address space. The Java Heap base address is the
#     maximum limit for the native heap growth. Please use -XX:HeapBaseMinAddress
#     to set the Java Heap base and to place the Java Heap above 4GB virtual address.
# This output file may be truncated or incomplete.
#
#  Out of Memory Error (./open/src/hotspot/share/memory/arena.cpp:79), pid=5088, tid=7680
#
# JRE version: OpenJDK Runtime Environment (14.0.2+12) (build 14.0.2+12-46)
# Java VM: OpenJDK 64-Bit Server VM (14.0.2+12-46, mixed mode, tiered, compressed oops, g1 gc, windows-amd64)
# No core dump will be written. Minidumps are not enabled by default on client versions of Windows
#

---------------  S U M M A R Y ------------

Command Line: -Dfile.encoding=MS949 -XX:+ShowCodeDetailsInExceptionMessages client.ClientGui

Host: Intel(R) Core(TM) i5-7200U CPU @ 2.50GHz, 4 cores, 7G,  Windows 10 , 64 bit Build 19041 (10.0.19041.662)
Time: Sat Dec 12 08:17:52 2020 대한민국 표준시 elapsed time: 1105 seconds (0d 0h 18m 25s)

---------------  T H R E A D  ---------------

Current thread (0x00000267ad168800):  JavaThread "C2 CompilerThread0" daemon [_thread_in_native, id=7680, stack(0x000000845ac00000,0x000000845ad00000)]


Current CompileTask:
C2:1105305 2099   !   4       sun.awt.PostEventQueue::flush (168 bytes)

Stack: [0x000000845ac00000,0x000000845ad00000]
Native frames: (J=compiled Java code, j=interpreted, Vv=VM code, C=native code)
V  [jvm.dll+0x5f8a9a]
V  [jvm.dll+0x74247a]
V  [jvm.dll+0x743c2f]
V  [jvm.dll+0x744273]
V  [jvm.dll+0x20d288]
V  [jvm.dll+0xabea6]
V  [jvm.dll+0xac1fc]
V  [jvm.dll+0x1077ca]
V  [jvm.dll+0x10803c]
V  [jvm.dll+0x274333]
V  [jvm.dll+0x275df5]
V  [jvm.dll+0x6101e8]
V  [jvm.dll+0x607f2f]
V  [jvm.dll+0x60759c]
V  [jvm.dll+0x60547d]
V  [jvm.dll+0x17a3dc]
V  [jvm.dll+0x275e76]
V  [jvm.dll+0x6101e8]
V  [jvm.dll+0x607f2f]
V  [jvm.dll+0x60759c]
V  [jvm.dll+0x60547d]
V  [jvm.dll+0x17a3dc]
V  [jvm.dll+0x275e76]
V  [jvm.dll+0x6101e8]
V  [jvm.dll+0x607f2f]
V  [jvm.dll+0x60759c]
V  [jvm.dll+0x60547d]
V  [jvm.dll+0x17a3dc]
V  [jvm.dll+0x17af88]
V  [jvm.dll+0x275e76]
V  [jvm.dll+0x6101e8]
V  [jvm.dll+0x607f2f]
V  [jvm.dll+0x60759c]
V  [jvm.dll+0x60547d]
V  [jvm.dll+0x17a3dc]
V  [jvm.dll+0x275e76]
V  [jvm.dll+0x6101e8]
V  [jvm.dll+0x607f2f]
V  [jvm.dll+0x60759c]
V  [jvm.dll+0x60547d]
V  [jvm.dll+0x17a3dc]
V  [jvm.dll+0x275e76]
V  [jvm.dll+0x6101e8]
V  [jvm.dll+0x607f2f]
V  [jvm.dll+0x60759c]
V  [jvm.dll+0x60547d]
V  [jvm.dll+0x17a3dc]
V  [jvm.dll+0x275e76]
V  [jvm.dll+0x6101e8]
V  [jvm.dll+0x607f2f]
V  [jvm.dll+0x60759c]
V  [jvm.dll+0x60547d]
V  [jvm.dll+0x17a3dc]
V  [jvm.dll+0x275e76]
V  [jvm.dll+0x6101e8]
V  [jvm.dll+0x607f2f]
V  [jvm.dll+0x60759c]
V  [jvm.dll+0x60547d]
V  [jvm.dll+0x17a3dc]
V  [jvm.dll+0x275e76]
V  [jvm.dll+0x6101e8]
V  [jvm.dll+0x607f2f]
V  [jvm.dll+0x60759c]
V  [jvm.dll+0x60547d]
V  [jvm.dll+0x17a3dc]
V  [jvm.dll+0x275e76]
V  [jvm.dll+0x6101e8]
V  [jvm.dll+0x607f2f]
V  [jvm.dll+0x60759c]
V  [jvm.dll+0x60547d]
V  [jvm.dll+0x17a3dc]
V  [jvm.dll+0x1e4d55]
V  [jvm.dll+0x1779cc]
V  [jvm.dll+0x1f4105]
V  [jvm.dll+0x1f22eb]
V  [jvm.dll+0x7070cd]
V  [jvm.dll+0x6ffeda]
V  [jvm.dll+0x5f78f6]
C  [ucrtbase.dll+0x214c2]
C  [KERNEL32.DLL+0x17034]
C  [ntdll.dll+0x4d0d1]


---------------  P R O C E S S  ---------------

Threads class SMR info:
_java_thread_list=0x00000267ad862cd0, length=16, elements={
0x0000026795206800, 0x00000267ac89c000, 0x00000267ac89d000, 0x00000267ad17e800,
0x00000267ac8b6800, 0x00000267ad187000, 0x00000267ad168800, 0x00000267ad169800,
0x00000267ad189000, 0x00000267ad18b800, 0x00000267ad18e000, 0x00000267ad18a800,
0x00000267ad18c800, 0x00000267ad18d000, 0x00000267ad188800, 0x00000267ad18f000
}

Java Threads: ( => current thread )
  0x0000026795206800 JavaThread "main" [_thread_in_native, id=6308, stack(0x000000845a000000,0x000000845a100000)]
  0x00000267ac89c000 JavaThread "Reference Handler" daemon [_thread_blocked, id=6252, stack(0x000000845a700000,0x000000845a800000)]
  0x00000267ac89d000 JavaThread "Finalizer" daemon [_thread_blocked, id=12272, stack(0x000000845a800000,0x000000845a900000)]
  0x00000267ad17e800 JavaThread "Signal Dispatcher" daemon [_thread_blocked, id=13156, stack(0x000000845a900000,0x000000845aa00000)]
  0x00000267ac8b6800 JavaThread "Attach Listener" daemon [_thread_blocked, id=13716, stack(0x000000845aa00000,0x000000845ab00000)]
  0x00000267ad187000 JavaThread "Service Thread" daemon [_thread_blocked, id=13660, stack(0x000000845ab00000,0x000000845ac00000)]
=>0x00000267ad168800 JavaThread "C2 CompilerThread0" daemon [_thread_in_native, id=7680, stack(0x000000845ac00000,0x000000845ad00000)]
  0x00000267ad169800 JavaThread "C1 CompilerThread0" daemon [_thread_blocked, id=14448, stack(0x000000845ad00000,0x000000845ae00000)]
  0x00000267ad189000 JavaThread "Sweeper thread" daemon [_thread_blocked, id=2956, stack(0x000000845ae00000,0x000000845af00000)]
  0x00000267ad18b800 JavaThread "Notification Thread" daemon [_thread_blocked, id=8, stack(0x000000845af00000,0x000000845b000000)]
  0x00000267ad18e000 JavaThread "Common-Cleaner" daemon [_thread_blocked, id=11884, stack(0x000000845b100000,0x000000845b200000)]
  0x00000267ad18a800 JavaThread "Java2D Disposer" daemon [_thread_blocked, id=1408, stack(0x000000845b200000,0x000000845b300000)]
  0x00000267ad18c800 JavaThread "AWT-Shutdown" [_thread_blocked, id=8500, stack(0x000000845b300000,0x000000845b400000)]
  0x00000267ad18d000 JavaThread "AWT-Windows" daemon [_thread_in_native, id=4176, stack(0x000000845b400000,0x000000845b500000)]
  0x00000267ad188800 JavaThread "AWT-EventQueue-0" [_thread_blocked, id=12144, stack(0x000000845b500000,0x000000845b600000)]
  0x00000267ad18f000 JavaThread "TimerQueue" daemon [_thread_blocked, id=14916, stack(0x000000845b900000,0x000000845ba00000)]

Other Threads:
  0x00000267ac890800 VMThread "VM Thread" [stack: 0x000000845a600000,0x000000845a700000] [id=8200]
  0x00000267ad2d3800 WatcherThread [stack: 0x000000845b000000,0x000000845b100000] [id=4416]
  0x000002679524e000 GCTaskThread "GC Thread#0" [stack: 0x000000845a100000,0x000000845a200000] [id=12440]
  0x00000267ad530000 GCTaskThread "GC Thread#1" [stack: 0x0000008459e00000,0x0000008459f00000] [id=4064]
  0x00000267ad531000 GCTaskThread "GC Thread#2" [stack: 0x0000008459f00000,0x000000845a000000] [id=7848]
  0x00000267ad25d800 GCTaskThread "GC Thread#3" [stack: 0x000000845b600000,0x000000845b700000] [id=10440]
  0x0000026795260800 ConcurrentGCThread "G1 Main Marker" [stack: 0x000000845a200000,0x000000845a300000] [id=2732]
  0x0000026795261800 ConcurrentGCThread "G1 Conc#0" [stack: 0x000000845a300000,0x000000845a400000] [id=14148]
  0x00000267952e2800 ConcurrentGCThread "G1 Refine#0" [stack: 0x000000845a400000,0x000000845a500000] [id=11640]
  0x00000267ac6d0800 ConcurrentGCThread "G1 Young RemSet Sampling" [stack: 0x000000845a500000,0x000000845a600000] [id=14776]

Threads with active compile tasks:
C2 CompilerThread0  1105394 2099   !   4       sun.awt.PostEventQueue::flush (168 bytes)

VM state:not at safepoint (normal execution)

VM Mutex/Monitor currently owned by a thread: None

Heap address: 0x0000000081400000, size: 2028 MB, Compressed Oops mode: 32-bit
Narrow klass base: 0x0000000000000000, Narrow klass shift: 3
Compressed class space size: 1073741824 Address: 0x0000000100000000

Heap:
 garbage-first heap   total 131072K, used 5654K [0x0000000081400000, 0x0000000100000000)
  region size 1024K, 4 young (4096K), 2 survivors (2048K)
 Metaspace       used 15777K, capacity 15990K, committed 16256K, reserved 1062912K
  class space    used 1729K, capacity 1846K, committed 1920K, reserved 1048576K
Heap Regions: E=young(eden), S=young(survivor), O=old, HS=humongous(starts), HC=humongous(continues), CS=collection set, F=free, OA=open archive, CA=closed archive, TAMS=top-at-mark-start (previous, next)
|   0|0x0000000081400000, 0x0000000081500000, 0x0000000081500000|100%|HS|  |TAMS 0x0000000081400000, 0x0000000081400000| Complete 
|   1|0x0000000081500000, 0x0000000081600000, 0x0000000081600000|100%|HC|  |TAMS 0x0000000081500000, 0x0000000081500000| Complete 
|   2|0x0000000081600000, 0x0000000081685800, 0x0000000081700000| 52%| O|  |TAMS 0x0000000081600000, 0x0000000081600000| Untracked 
|   3|0x0000000081700000, 0x0000000081700000, 0x0000000081800000|  0%| F|  |TAMS 0x0000000081700000, 0x0000000081700000| Untracked 
|   4|0x0000000081800000, 0x0000000081800000, 0x0000000081900000|  0%| F|  |TAMS 0x0000000081800000, 0x0000000081800000| Untracked 
|   5|0x0000000081900000, 0x0000000081900000, 0x0000000081a00000|  0%| F|  |TAMS 0x0000000081900000, 0x0000000081900000| Untracked 
|   6|0x0000000081a00000, 0x0000000081a00000, 0x0000000081b00000|  0%| F|  |TAMS 0x0000000081a00000, 0x0000000081a00000| Untracked 
|   7|0x0000000081b00000, 0x0000000081b00000, 0x0000000081c00000|  0%| F|  |TAMS 0x0000000081b00000, 0x0000000081b00000| Untracked 
|   8|0x0000000081c00000, 0x0000000081c00000, 0x0000000081d00000|  0%| F|  |TAMS 0x0000000081c00000, 0x0000000081c00000| Untracked 
|   9|0x0000000081d00000, 0x0000000081d00000, 0x0000000081e00000|  0%| F|  |TAMS 0x0000000081d00000, 0x0000000081d00000| Untracked 
|  10|0x0000000081e00000, 0x0000000081e00000, 0x0000000081f00000|  0%| F|  |TAMS 0x0000000081e00000, 0x0000000081e00000| Untracked 
|  11|0x0000000081f00000, 0x0000000081f00000, 0x0000000082000000|  0%| F|  |TAMS 0x0000000081f00000, 0x0000000081f00000| Untracked 
|  12|0x0000000082000000, 0x0000000082000000, 0x0000000082100000|  0%| F|  |TAMS 0x0000000082000000, 0x0000000082000000| Untracked 
|  13|0x0000000082100000, 0x0000000082100000, 0x0000000082200000|  0%| F|  |TAMS 0x0000000082100000, 0x0000000082100000| Untracked 
|  14|0x0000000082200000, 0x0000000082200000, 0x0000000082300000|  0%| F|  |TAMS 0x0000000082200000, 0x0000000082200000| Untracked 
|  15|0x0000000082300000, 0x0000000082300000, 0x0000000082400000|  0%| F|  |TAMS 0x0000000082300000, 0x0000000082300000| Untracked 
|  16|0x0000000082400000, 0x0000000082400000, 0x0000000082500000|  0%| F|  |TAMS 0x0000000082400000, 0x0000000082400000| Untracked 
|  17|0x0000000082500000, 0x0000000082500000, 0x0000000082600000|  0%| F|  |TAMS 0x0000000082500000, 0x0000000082500000| Untracked 
|  18|0x0000000082600000, 0x0000000082600000, 0x0000000082700000|  0%| F|  |TAMS 0x0000000082600000, 0x0000000082600000| Untracked 
|  19|0x0000000082700000, 0x0000000082700000, 0x0000000082800000|  0%| F|  |TAMS 0x0000000082700000, 0x0000000082700000| Untracked 
|  20|0x0000000082800000, 0x0000000082800000, 0x0000000082900000|  0%| F|  |TAMS 0x0000000082800000, 0x0000000082800000| Untracked 
|  21|0x0000000082900000, 0x0000000082900000, 0x0000000082a00000|  0%| F|  |TAMS 0x0000000082900000, 0x0000000082900000| Untracked 
|  22|0x0000000082a00000, 0x0000000082a00000, 0x0000000082b00000|  0%| F|  |TAMS 0x0000000082a00000, 0x0000000082a00000| Untracked 
|  23|0x0000000082b00000, 0x0000000082b00000, 0x0000000082c00000|  0%| F|  |TAMS 0x0000000082b00000, 0x0000000082b00000| Untracked 
|  24|0x0000000082c00000, 0x0000000082c00000, 0x0000000082d00000|  0%| F|  |TAMS 0x0000000082c00000, 0x0000000082c00000| Untracked 
|  25|0x0000000082d00000, 0x0000000082d00000, 0x0000000082e00000|  0%| F|  |TAMS 0x0000000082d00000, 0x0000000082d00000| Untracked 
|  26|0x0000000082e00000, 0x0000000082e00000, 0x0000000082f00000|  0%| F|  |TAMS 0x0000000082e00000, 0x0000000082e00000| Untracked 
|  27|0x0000000082f00000, 0x0000000082f00000, 0x0000000083000000|  0%| F|  |TAMS 0x0000000082f00000, 0x0000000082f00000| Untracked 
|  28|0x0000000083000000, 0x0000000083000000, 0x0000000083100000|  0%| F|  |TAMS 0x0000000083000000, 0x0000000083000000| Untracked 
|  29|0x0000000083100000, 0x0000000083100000, 0x0000000083200000|  0%| F|  |TAMS 0x0000000083100000, 0x0000000083100000| Untracked 
|  30|0x0000000083200000, 0x0000000083200000, 0x0000000083300000|  0%| F|  |TAMS 0x0000000083200000, 0x0000000083200000| Untracked 
|  31|0x0000000083300000, 0x0000000083300000, 0x0000000083400000|  0%| F|  |TAMS 0x0000000083300000, 0x0000000083300000| Untracked 
|  32|0x0000000083400000, 0x0000000083400000, 0x0000000083500000|  0%| F|  |TAMS 0x0000000083400000, 0x0000000083400000| Untracked 
|  33|0x0000000083500000, 0x0000000083500000, 0x0000000083600000|  0%| F|  |TAMS 0x0000000083500000, 0x0000000083500000| Untracked 
|  34|0x0000000083600000, 0x0000000083600000, 0x0000000083700000|  0%| F|  |TAMS 0x0000000083600000, 0x0000000083600000| Untracked 
|  35|0x0000000083700000, 0x0000000083700000, 0x0000000083800000|  0%| F|  |TAMS 0x0000000083700000, 0x0000000083700000| Untracked 
|  36|0x0000000083800000, 0x0000000083800000, 0x0000000083900000|  0%| F|  |TAMS 0x0000000083800000, 0x0000000083800000| Untracked 
|  37|0x0000000083900000, 0x0000000083900000, 0x0000000083a00000|  0%| F|  |TAMS 0x0000000083900000, 0x0000000083900000| Untracked 
|  38|0x0000000083a00000, 0x0000000083a00000, 0x0000000083b00000|  0%| F|  |TAMS 0x0000000083a00000, 0x0000000083a00000| Untracked 
|  39|0x0000000083b00000, 0x0000000083b00000, 0x0000000083c00000|  0%| F|  |TAMS 0x0000000083b00000, 0x0000000083b00000| Untracked 
|  40|0x0000000083c00000, 0x0000000083c00000, 0x0000000083d00000|  0%| F|  |TAMS 0x0000000083c00000, 0x0000000083c00000| Untracked 
|  41|0x0000000083d00000, 0x0000000083d00000, 0x0000000083e00000|  0%| F|  |TAMS 0x0000000083d00000, 0x0000000083d00000| Untracked 
|  42|0x0000000083e00000, 0x0000000083e00000, 0x0000000083f00000|  0%| F|  |TAMS 0x0000000083e00000, 0x0000000083e00000| Untracked 
|  43|0x0000000083f00000, 0x0000000083f00000, 0x0000000084000000|  0%| F|  |TAMS 0x0000000083f00000, 0x0000000083f00000| Untracked 
|  44|0x0000000084000000, 0x0000000084000000, 0x0000000084100000|  0%| F|  |TAMS 0x0000000084000000, 0x0000000084000000| Untracked 
|  45|0x0000000084100000, 0x0000000084100000, 0x0000000084200000|  0%| F|  |TAMS 0x0000000084100000, 0x0000000084100000| Untracked 
|  46|0x0000000084200000, 0x0000000084200000, 0x0000000084300000|  0%| F|  |TAMS 0x0000000084200000, 0x0000000084200000| Untracked 
|  47|0x0000000084300000, 0x0000000084300000, 0x0000000084400000|  0%| F|  |TAMS 0x0000000084300000, 0x0000000084300000| Untracked 
|  48|0x0000000084400000, 0x0000000084400000, 0x0000000084500000|  0%| F|  |TAMS 0x0000000084400000, 0x0000000084400000| Untracked 
|  49|0x0000000084500000, 0x0000000084500000, 0x0000000084600000|  0%| F|  |TAMS 0x0000000084500000, 0x0000000084500000| Untracked 
|  50|0x0000000084600000, 0x0000000084600000, 0x0000000084700000|  0%| F|  |TAMS 0x0000000084600000, 0x0000000084600000| Untracked 
|  51|0x0000000084700000, 0x0000000084700000, 0x0000000084800000|  0%| F|  |TAMS 0x0000000084700000, 0x0000000084700000| Untracked 
|  52|0x0000000084800000, 0x0000000084800000, 0x0000000084900000|  0%| F|  |TAMS 0x0000000084800000, 0x0000000084800000| Untracked 
|  53|0x0000000084900000, 0x0000000084900000, 0x0000000084a00000|  0%| F|  |TAMS 0x0000000084900000, 0x0000000084900000| Untracked 
|  54|0x0000000084a00000, 0x0000000084a00000, 0x0000000084b00000|  0%| F|  |TAMS 0x0000000084a00000, 0x0000000084a00000| Untracked 
|  55|0x0000000084b00000, 0x0000000084b00000, 0x0000000084c00000|  0%| F|  |TAMS 0x0000000084b00000, 0x0000000084b00000| Untracked 
|  56|0x0000000084c00000, 0x0000000084c00000, 0x0000000084d00000|  0%| F|  |TAMS 0x0000000084c00000, 0x0000000084c00000| Untracked 
|  57|0x0000000084d00000, 0x0000000084d00000, 0x0000000084e00000|  0%| F|  |TAMS 0x0000000084d00000, 0x0000000084d00000| Untracked 
|  58|0x0000000084e00000, 0x0000000084e00000, 0x0000000084f00000|  0%| F|  |TAMS 0x0000000084e00000, 0x0000000084e00000| Untracked 
|  59|0x0000000084f00000, 0x0000000084f00000, 0x0000000085000000|  0%| F|  |TAMS 0x0000000084f00000, 0x0000000084f00000| Untracked 
|  60|0x0000000085000000, 0x0000000085000000, 0x0000000085100000|  0%| F|  |TAMS 0x0000000085000000, 0x0000000085000000| Untracked 
|  61|0x0000000085100000, 0x0000000085100000, 0x0000000085200000|  0%| F|  |TAMS 0x0000000085100000, 0x0000000085100000| Untracked 
|  62|0x0000000085200000, 0x0000000085200000, 0x0000000085300000|  0%| F|  |TAMS 0x0000000085200000, 0x0000000085200000| Untracked 
|  63|0x0000000085300000, 0x0000000085300000, 0x0000000085400000|  0%| F|  |TAMS 0x0000000085300000, 0x0000000085300000| Untracked 
|  64|0x0000000085400000, 0x0000000085400000, 0x0000000085500000|  0%| F|  |TAMS 0x0000000085400000, 0x0000000085400000| Untracked 
|  65|0x0000000085500000, 0x0000000085500000, 0x0000000085600000|  0%| F|  |TAMS 0x0000000085500000, 0x0000000085500000| Untracked 
|  66|0x0000000085600000, 0x0000000085600000, 0x0000000085700000|  0%| F|  |TAMS 0x0000000085600000, 0x0000000085600000| Untracked 
|  67|0x0000000085700000, 0x0000000085700000, 0x0000000085800000|  0%| F|  |TAMS 0x0000000085700000, 0x0000000085700000| Untracked 
|  68|0x0000000085800000, 0x0000000085800000, 0x0000000085900000|  0%| F|  |TAMS 0x0000000085800000, 0x0000000085800000| Untracked 
|  69|0x0000000085900000, 0x0000000085900000, 0x0000000085a00000|  0%| F|  |TAMS 0x0000000085900000, 0x0000000085900000| Untracked 
|  70|0x0000000085a00000, 0x0000000085a00000, 0x0000000085b00000|  0%| F|  |TAMS 0x0000000085a00000, 0x0000000085a00000| Untracked 
|  71|0x0000000085b00000, 0x0000000085b00000, 0x0000000085c00000|  0%| F|  |TAMS 0x0000000085b00000, 0x0000000085b00000| Untracked 
|  72|0x0000000085c00000, 0x0000000085c00000, 0x0000000085d00000|  0%| F|  |TAMS 0x0000000085c00000, 0x0000000085c00000| Untracked 
|  73|0x0000000085d00000, 0x0000000085d00000, 0x0000000085e00000|  0%| F|  |TAMS 0x0000000085d00000, 0x0000000085d00000| Untracked 
|  74|0x0000000085e00000, 0x0000000085e00000, 0x0000000085f00000|  0%| F|  |TAMS 0x0000000085e00000, 0x0000000085e00000| Untracked 
|  75|0x0000000085f00000, 0x0000000085f00000, 0x0000000086000000|  0%| F|  |TAMS 0x0000000085f00000, 0x0000000085f00000| Untracked 
|  76|0x0000000086000000, 0x0000000086000000, 0x0000000086100000|  0%| F|  |TAMS 0x0000000086000000, 0x0000000086000000| Untracked 
|  77|0x0000000086100000, 0x0000000086100000, 0x0000000086200000|  0%| F|  |TAMS 0x0000000086100000, 0x0000000086100000| Untracked 
|  78|0x0000000086200000, 0x0000000086200000, 0x0000000086300000|  0%| F|  |TAMS 0x0000000086200000, 0x0000000086200000| Untracked 
|  79|0x0000000086300000, 0x0000000086300000, 0x0000000086400000|  0%| F|  |TAMS 0x0000000086300000, 0x0000000086300000| Untracked 
|  80|0x0000000086400000, 0x0000000086400000, 0x0000000086500000|  0%| F|  |TAMS 0x0000000086400000, 0x0000000086400000| Untracked 
|  81|0x0000000086500000, 0x0000000086500000, 0x0000000086600000|  0%| F|  |TAMS 0x0000000086500000, 0x0000000086500000| Untracked 
|  82|0x0000000086600000, 0x0000000086600000, 0x0000000086700000|  0%| F|  |TAMS 0x0000000086600000, 0x0000000086600000| Untracked 
|  83|0x0000000086700000, 0x0000000086700000, 0x0000000086800000|  0%| F|  |TAMS 0x0000000086700000, 0x0000000086700000| Untracked 
|  84|0x0000000086800000, 0x0000000086800000, 0x0000000086900000|  0%| F|  |TAMS 0x0000000086800000, 0x0000000086800000| Untracked 
|  85|0x0000000086900000, 0x0000000086900000, 0x0000000086a00000|  0%| F|  |TAMS 0x0000000086900000, 0x0000000086900000| Untracked 
|  86|0x0000000086a00000, 0x0000000086a00000, 0x0000000086b00000|  0%| F|  |TAMS 0x0000000086a00000, 0x0000000086a00000| Untracked 
|  87|0x0000000086b00000, 0x0000000086b00000, 0x0000000086c00000|  0%| F|  |TAMS 0x0000000086b00000, 0x0000000086b00000| Untracked 
|  88|0x0000000086c00000, 0x0000000086c00000, 0x0000000086d00000|  0%| F|  |TAMS 0x0000000086c00000, 0x0000000086c00000| Untracked 
|  89|0x0000000086d00000, 0x0000000086d00000, 0x0000000086e00000|  0%| F|  |TAMS 0x0000000086d00000, 0x0000000086d00000| Untracked 
|  90|0x0000000086e00000, 0x0000000086e00000, 0x0000000086f00000|  0%| F|  |TAMS 0x0000000086e00000, 0x0000000086e00000| Untracked 
|  91|0x0000000086f00000, 0x0000000086f00000, 0x0000000087000000|  0%| F|  |TAMS 0x0000000086f00000, 0x0000000086f00000| Untracked 
|  92|0x0000000087000000, 0x0000000087000000, 0x0000000087100000|  0%| F|  |TAMS 0x0000000087000000, 0x0000000087000000| Untracked 
|  93|0x0000000087100000, 0x0000000087100000, 0x0000000087200000|  0%| F|  |TAMS 0x0000000087100000, 0x0000000087100000| Untracked 
|  94|0x0000000087200000, 0x0000000087200000, 0x0000000087300000|  0%| F|  |TAMS 0x0000000087200000, 0x0000000087200000| Untracked 
|  95|0x0000000087300000, 0x0000000087300000, 0x0000000087400000|  0%| F|  |TAMS 0x0000000087300000, 0x0000000087300000| Untracked 
|  96|0x0000000087400000, 0x0000000087400000, 0x0000000087500000|  0%| F|  |TAMS 0x0000000087400000, 0x0000000087400000| Untracked 
|  97|0x0000000087500000, 0x0000000087500000, 0x0000000087600000|  0%| F|  |TAMS 0x0000000087500000, 0x0000000087500000| Untracked 
|  98|0x0000000087600000, 0x0000000087600000, 0x0000000087700000|  0%| F|  |TAMS 0x0000000087600000, 0x0000000087600000| Untracked 
|  99|0x0000000087700000, 0x0000000087700000, 0x0000000087800000|  0%| F|  |TAMS 0x0000000087700000, 0x0000000087700000| Untracked 
| 100|0x0000000087800000, 0x0000000087800000, 0x0000000087900000|  0%| F|  |TAMS 0x0000000087800000, 0x0000000087800000| Untracked 
| 101|0x0000000087900000, 0x0000000087900000, 0x0000000087a00000|  0%| F|  |TAMS 0x0000000087900000, 0x0000000087900000| Untracked 
| 102|0x0000000087a00000, 0x0000000087a00000, 0x0000000087b00000|  0%| F|  |TAMS 0x0000000087a00000, 0x0000000087a00000| Untracked 
| 103|0x0000000087b00000, 0x0000000087b00000, 0x0000000087c00000|  0%| F|  |TAMS 0x0000000087b00000, 0x0000000087b00000| Untracked 
| 104|0x0000000087c00000, 0x0000000087c00000, 0x0000000087d00000|  0%| F|  |TAMS 0x0000000087c00000, 0x0000000087c00000| Untracked 
| 105|0x0000000087d00000, 0x0000000087d00000, 0x0000000087e00000|  0%| F|  |TAMS 0x0000000087d00000, 0x0000000087d00000| Untracked 
| 106|0x0000000087e00000, 0x0000000087e00000, 0x0000000087f00000|  0%| F|  |TAMS 0x0000000087e00000, 0x0000000087e00000| Untracked 
| 107|0x0000000087f00000, 0x0000000087f00000, 0x0000000088000000|  0%| F|  |TAMS 0x0000000087f00000, 0x0000000087f00000| Untracked 
| 108|0x0000000088000000, 0x0000000088000000, 0x0000000088100000|  0%| F|  |TAMS 0x0000000088000000, 0x0000000088000000| Untracked 
| 109|0x0000000088100000, 0x0000000088100000, 0x0000000088200000|  0%| F|  |TAMS 0x0000000088100000, 0x0000000088100000| Untracked 
| 110|0x0000000088200000, 0x0000000088200000, 0x0000000088300000|  0%| F|  |TAMS 0x0000000088200000, 0x0000000088200000| Untracked 
| 111|0x0000000088300000, 0x0000000088300000, 0x0000000088400000|  0%| F|  |TAMS 0x0000000088300000, 0x0000000088300000| Untracked 
| 112|0x0000000088400000, 0x0000000088400000, 0x0000000088500000|  0%| F|  |TAMS 0x0000000088400000, 0x0000000088400000| Untracked 
| 113|0x0000000088500000, 0x0000000088600000, 0x0000000088600000|100%| S|CS|TAMS 0x0000000088500000, 0x0000000088500000| Complete 
| 114|0x0000000088600000, 0x0000000088700000, 0x0000000088700000|100%| S|CS|TAMS 0x0000000088600000, 0x0000000088600000| Complete 
| 115|0x0000000088700000, 0x0000000088700000, 0x0000000088800000|  0%| F|  |TAMS 0x0000000088700000, 0x0000000088700000| Untracked 
| 116|0x0000000088800000, 0x0000000088800000, 0x0000000088900000|  0%| F|  |TAMS 0x0000000088800000, 0x0000000088800000| Untracked 
| 117|0x0000000088900000, 0x0000000088900000, 0x0000000088a00000|  0%| F|  |TAMS 0x0000000088900000, 0x0000000088900000| Untracked 
| 118|0x0000000088a00000, 0x0000000088a00000, 0x0000000088b00000|  0%| F|  |TAMS 0x0000000088a00000, 0x0000000088a00000| Untracked 
| 119|0x0000000088b00000, 0x0000000088b00000, 0x0000000088c00000|  0%| F|  |TAMS 0x0000000088b00000, 0x0000000088b00000| Untracked 
| 120|0x0000000088c00000, 0x0000000088c00000, 0x0000000088d00000|  0%| F|  |TAMS 0x0000000088c00000, 0x0000000088c00000| Untracked 
| 121|0x0000000088d00000, 0x0000000088d00000, 0x0000000088e00000|  0%| F|  |TAMS 0x0000000088d00000, 0x0000000088d00000| Untracked 
| 122|0x0000000088e00000, 0x0000000088e00000, 0x0000000088f00000|  0%| F|  |TAMS 0x0000000088e00000, 0x0000000088e00000| Untracked 
| 123|0x0000000088f00000, 0x0000000088f00000, 0x0000000089000000|  0%| F|  |TAMS 0x0000000088f00000, 0x0000000088f00000| Untracked 
| 124|0x0000000089000000, 0x0000000089000000, 0x0000000089100000|  0%| F|  |TAMS 0x0000000089000000, 0x0000000089000000| Untracked 
| 125|0x0000000089100000, 0x0000000089100000, 0x0000000089200000|  0%| F|  |TAMS 0x0000000089100000, 0x0000000089100000| Untracked 
| 126|0x0000000089200000, 0x0000000089300000, 0x0000000089300000|100%| E|  |TAMS 0x0000000089200000, 0x0000000089200000| Complete 
| 127|0x0000000089300000, 0x0000000089400000, 0x0000000089400000|100%| E|CS|TAMS 0x0000000089300000, 0x0000000089300000| Complete 

Card table byte_map: [0x00000267a5c20000,0x00000267a6020000] _byte_map_base: 0x00000267a5816000

Marking Bits (Prev, Next): (CMBitMap*) 0x000002679524fd78, (CMBitMap*) 0x000002679524fdb8
 Prev Bits: [0x00000267a6420000, 0x00000267a83d0000)
 Next Bits: [0x00000267a83d0000, 0x00000267aa380000)

Polling page: 0x00000267931f0000

Metaspace:

Usage:
  Non-class:     13.81 MB capacity,    13.72 MB (>99%) used,    68.21 KB ( <1%) free+waste,    28.25 KB ( <1%) overhead. 
      Class:      1.80 MB capacity,     1.69 MB ( 94%) used,   100.84 KB (  5%) free+waste,    15.56 KB ( <1%) overhead. 
       Both:     15.62 MB capacity,    15.41 MB ( 99%) used,   169.05 KB (  1%) free+waste,    43.81 KB ( <1%) overhead. 

Virtual space:
  Non-class space:       14.00 MB reserved,      14.00 MB (100%) committed 
      Class space:        1.00 GB reserved,       1.88 MB ( <1%) committed 
             Both:        1.01 GB reserved,      15.88 MB (  2%) committed 

Chunk freelists:
   Non-Class:  0 bytes
       Class:  10.00 KB
        Both:  10.00 KB

MaxMetaspaceSize: 17179869184.00 GB
CompressedClassSpaceSize: 1.00 GB

CodeHeap 'non-profiled nmethods': size=120000Kb used=661Kb max_used=661Kb free=119338Kb
 bounds [0x000002679e2f0000, 0x000002679e560000, 0x00000267a5820000]
CodeHeap 'profiled nmethods': size=120000Kb used=4025Kb max_used=4025Kb free=115975Kb
 bounds [0x0000026796dc0000, 0x00000267971b0000, 0x000002679e2f0000]
CodeHeap 'non-nmethods': size=5760Kb used=1311Kb max_used=1354Kb free=4448Kb
 bounds [0x0000026796820000, 0x0000026796a90000, 0x0000026796dc0000]
 total_blobs=2701 nmethods=2097 adapters=516
 compilation: enabled
              stopped_count=0, restarted_count=0
 full_count=0

Compilation events (20 events):
Event: 1099.745 Thread 0x00000267ad169800 nmethod 2089 0x00000267971a9f90 code [0x00000267971aa140, 0x00000267971aa3a8]
Event: 1099.745 Thread 0x00000267ad169800 2090       3       java.util.HashMap$EntryIterator::<init> (11 bytes)
Event: 1099.745 Thread 0x00000267ad169800 nmethod 2090 0x00000267971aa490 code [0x00000267971aa640, 0x00000267971aa7c8]
Event: 1099.978 Thread 0x00000267ad169800 2091       3       java.awt.event.InputMethodEvent::consume (6 bytes)
Event: 1099.978 Thread 0x00000267ad169800 nmethod 2091 0x00000267971aa890 code [0x00000267971aaa20, 0x00000267971aab18]
Event: 1099.981 Thread 0x00000267ad169800 2092       1       javax.swing.JComponent::isValidateRoot (2 bytes)
Event: 1099.981 Thread 0x00000267ad169800 nmethod 2092 0x000002679e394e90 code [0x000002679e395020, 0x000002679e3950d8]
Event: 1099.982 Thread 0x00000267ad169800 2093       3       java.awt.Container::insets (42 bytes)
Event: 1099.982 Thread 0x00000267ad169800 nmethod 2093 0x00000267971aab90 code [0x00000267971aada0, 0x00000267971ab568]
Event: 1099.982 Thread 0x00000267ad169800 2094       3       java.awt.Component::getNormalShape (29 bytes)
Event: 1099.983 Thread 0x00000267ad169800 nmethod 2094 0x00000267971ab790 code [0x00000267971ab9c0, 0x00000267971ac308]
Event: 1099.983 Thread 0x00000267ad169800 2095       3       java.awt.Component::getLocationOnWindow (61 bytes)
Event: 1099.984 Thread 0x00000267ad169800 nmethod 2095 0x00000267971ac610 code [0x00000267971ac860, 0x00000267971ad418]
Event: 1099.984 Thread 0x00000267ad169800 2096       3       java.awt.Component::getLocation (5 bytes)
Event: 1099.984 Thread 0x00000267ad169800 nmethod 2096 0x00000267971ad790 code [0x00000267971ad940, 0x00000267971adcf8]
Event: 1104.504 Thread 0x00000267ad169800 2097       3       java.awt.Component::getToolkitImpl (18 bytes)
Event: 1104.505 Thread 0x00000267ad169800 nmethod 2097 0x00000267971ade90 code [0x00000267971ae060, 0x00000267971ae2e8]
Event: 1105.267 Thread 0x00000267ad168800 2098       4       java.awt.event.MouseAdapter::mouseMoved (1 bytes)
Event: 1105.268 Thread 0x00000267ad168800 nmethod 2098 0x000002679e395190 code [0x000002679e395300, 0x000002679e395358]
Event: 1105.291 Thread 0x00000267ad168800 2099   !   4       sun.awt.PostEventQueue::flush (168 bytes)

GC Heap History (2 events):
Event: 1075.131 GC heap before
{Heap before GC invocations=0 (full 0):
 garbage-first heap   total 131072K, used 15360K [0x0000000081400000, 0x0000000100000000)
  region size 1024K, 13 young (13312K), 0 survivors (0K)
 Metaspace       used 15713K, capacity 15926K, committed 16000K, reserved 1062912K
  class space    used 1729K, capacity 1846K, committed 1920K, reserved 1048576K
}
Event: 1075.147 GC heap after
{Heap after GC invocations=1 (full 0):
 garbage-first heap   total 131072K, used 4630K [0x0000000081400000, 0x0000000100000000)
  region size 1024K, 2 young (2048K), 2 survivors (2048K)
 Metaspace       used 15713K, capacity 15926K, committed 16000K, reserved 1062912K
  class space    used 1729K, capacity 1846K, committed 1920K, reserved 1048576K
}

Deoptimization events (20 events):
Event: 160.102 Thread 0x00000267ad188800 DEOPT PACKING pc=0x000002679e36d4b8 sp=0x000000845b5fe560
Event: 160.102 Thread 0x00000267ad188800 DEOPT UNPACKING pc=0x000002679686912f sp=0x000000845b5fe400 mode 2
Event: 501.403 Thread 0x00000267ad188800 Uncommon trap: trap_request=0xffffff45 fr.pc=0x000002679e376c64 relative=0x0000000000005144
Event: 501.404 Thread 0x00000267ad188800 Uncommon trap: reason=unstable_if action=reinterpret pc=0x000002679e376c64 method=java.awt.EventQueue.getPriority(Ljava/awt/AWTEvent;)I @ 71 c2
Event: 501.404 Thread 0x00000267ad188800 DEOPT PACKING pc=0x000002679e376c64 sp=0x000000845b5fead0
Event: 501.404 Thread 0x00000267ad188800 DEOPT UNPACKING pc=0x000002679686912f sp=0x000000845b5fe9a0 mode 2
Event: 501.404 Thread 0x00000267ad188800 Uncommon trap: trap_request=0xffffff45 fr.pc=0x000002679e37cd40 relative=0x0000000000000080
Event: 501.404 Thread 0x00000267ad188800 Uncommon trap: reason=unstable_if action=reinterpret pc=0x000002679e37cd40 method=java.awt.EventQueue.eventToCacheIndex(Ljava/awt/AWTEvent;)I @ 4 c2
Event: 501.404 Thread 0x00000267ad188800 DEOPT PACKING pc=0x000002679e37cd40 sp=0x000000845b5fe830
Event: 501.404 Thread 0x00000267ad188800 DEOPT UNPACKING pc=0x000002679686912f sp=0x000000845b5fe7d0 mode 2
Event: 1071.945 Thread 0x00000267ad188800 DEOPT PACKING pc=0x0000026796f7dcff sp=0x000000845b5fe6b0
Event: 1071.945 Thread 0x00000267ad188800 DEOPT UNPACKING pc=0x000002679686964e sp=0x000000845b5fdb40 mode 0
Event: 1075.148 Thread 0x00000267ad188800 Uncommon trap: trap_request=0xffffff45 fr.pc=0x000002679e3591e4 relative=0x0000000000000c04
Event: 1075.148 Thread 0x00000267ad188800 Uncommon trap: reason=unstable_if action=reinterpret pc=0x000002679e3591e4 method=java.lang.ref.SoftReference.get()Ljava/lang/Object; @ 17 c2
Event: 1075.148 Thread 0x00000267ad188800 DEOPT PACKING pc=0x000002679e3591e4 sp=0x000000845b5fdf70
Event: 1075.148 Thread 0x00000267ad188800 DEOPT UNPACKING pc=0x000002679686912f sp=0x000000845b5fde90 mode 2
Event: 1075.149 Thread 0x00000267ad188800 Uncommon trap: trap_request=0xffffff45 fr.pc=0x000002679e381468 relative=0x00000000000000c8
Event: 1075.149 Thread 0x00000267ad188800 Uncommon trap: reason=unstable_if action=reinterpret pc=0x000002679e381468 method=java.lang.ref.SoftReference.get()Ljava/lang/Object; @ 17 c2
Event: 1075.149 Thread 0x00000267ad188800 DEOPT PACKING pc=0x000002679e381468 sp=0x000000845b5fcfb0
Event: 1075.149 Thread 0x00000267ad188800 DEOPT UNPACKING pc=0x000002679686912f sp=0x000000845b5fcf60 mode 2

Classes unloaded (0 events):
No events

Classes redefined (0 events):
No events

Internal exceptions (15 events):
Event: 0.179 Thread 0x0000026795206800 Exception <a 'java/lang/NoSuchMethodError'{0x000000008920c318}: 'int java.lang.invoke.DirectMethodHandle$Holder.invokeSpecialIFC(java.lang.Object, java.lang.Object, int)'> (0x000000008920c318) 
thrown [./open/src/hotspot/share/interpreter/linkResolver.cpp, line 766]
Event: 4.032 Thread 0x0000026795206800 Exception <a 'java/lang/ClassNotFoundException'{0x00000000892909a0}: sun/awt/resources/spi/awtProvider> (0x00000000892909a0) 
thrown [./open/src/hotspot/share/classfile/systemDictionary.cpp, line 226]
Event: 4.072 Thread 0x0000026795206800 Exception <a 'java/io/FileNotFoundException'{0x00000000892dd710}> (0x00000000892dd710) 
thrown [./open/src/hotspot/share/prims/jni.cpp, line 599]
Event: 4.083 Thread 0x0000026795206800 Exception <a 'java/io/FileNotFoundException'{0x0000000089104718}> (0x0000000089104718) 
thrown [./open/src/hotspot/share/prims/jni.cpp, line 599]
Event: 4.161 Thread 0x00000267ad18d000 Exception <a 'java/lang/NoSuchMethodError'{0x000000008918ab10}: 'void java.lang.invoke.DirectMethodHandle$Holder.invokeSpecial(java.lang.Object, java.lang.Object)'> (0x000000008918ab10) 
thrown [./open/src/hotspot/share/interpreter/linkResolver.cpp, line 766]
Event: 4.202 Thread 0x0000026795206800 Exception <a 'java/lang/NoSuchMethodError'{0x00000000891e74a8}: 'java.lang.Object java.lang.invoke.DirectMethodHandle$Holder.invokeStatic(java.lang.Object, int, java.lang.Object, java.lang.Object, java.lang.Object, java.lang.Object)'> (0x00000000891e74a8) 
thrown [./open/src/hotspot/share/interpreter/linkResolver.cpp, line 766]
Event: 4.203 Thread 0x0000026795206800 Exception <a 'java/lang/NoSuchMethodError'{0x00000000891eddc8}: 'java.lang.Object java.lang.invoke.DirectMethodHandle$Holder.invokeStatic(java.lang.Object, int, java.lang.Object, java.lang.Object, java.lang.Object)'> (0x00000000891eddc8) 
thrown [./open/src/hotspot/share/interpreter/linkResolver.cpp, line 766]
Event: 4.204 Thread 0x0000026795206800 Exception <a 'java/lang/NoSuchMethodError'{0x00000000891f1618}: 'java.lang.Object java.lang.invoke.DirectMethodHandle$Holder.invokeSpecial(java.lang.Object, java.lang.Object, int, java.lang.Object, java.lang.Object, java.lang.Object)'> (0x00000000891f1618) 
thrown [./open/src/hotspot/share/interpreter/linkResolver.cpp, line 766]
Event: 4.209 Thread 0x0000026795206800 Exception <a 'java/lang/NoSuchMethodError'{0x0000000089007e78}: 'java.lang.Object java.lang.invoke.DirectMethodHandle$Holder.invokeStatic(java.lang.Object, int, java.lang.Object)'> (0x0000000089007e78) 
thrown [./open/src/hotspot/share/interpreter/linkResolver.cpp, line 766]
Event: 4.246 Thread 0x0000026795206800 Exception <a 'java/lang/ClassNotFoundException'{0x00000000890b0210}: com/sun/swing/internal/plaf/metal/resources/spi/metalProvider> (0x00000000890b0210) 
thrown [./open/src/hotspot/share/classfile/systemDictionary.cpp, line 226]
Event: 4.247 Thread 0x0000026795206800 Exception <a 'java/lang/ClassNotFoundException'{0x00000000890b4630}: com/sun/swing/internal/plaf/basic/resources/spi/basicProvider> (0x00000000890b4630) 
thrown [./open/src/hotspot/share/classfile/systemDictionary.cpp, line 226]
Event: 4.348 Thread 0x0000026795206800 Exception <a 'java/lang/NoSuchMethodError'{0x0000000088f28920}: 'void java.lang.invoke.DirectMethodHandle$Holder.invokeStaticInit(java.lang.Object)'> (0x0000000088f28920) 
thrown [./open/src/hotspot/share/interpreter/linkResolver.cpp, line 766]
Event: 4.369 Thread 0x0000026795206800 Exception <a 'java/io/FileNotFoundException'{0x0000000088f35640}> (0x0000000088f35640) 
thrown [./open/src/hotspot/share/prims/jni.cpp, line 599]
Event: 4.405 Thread 0x0000026795206800 Exception <a 'java/lang/NoSuchMethodError'{0x0000000088fcec80}: 'java.lang.Object java.lang.invoke.Invokers$Holder.linkToTargetMethod(java.lang.Object, int, java.lang.Object)'> (0x0000000088fcec80) 
thrown [./open/src/hotspot/share/interpreter/linkResolver.cpp, line 766]
Event: 4.532 Thread 0x0000026795206800 Exception <a 'java/lang/ClassNotFoundException'{0x0000000088e143a8}: jdk/net/ExtendedSocketOptions> (0x0000000088e143a8) 
thrown [./open/src/hotspot/share/classfile/systemDictionary.cpp, line 226]

Events (20 events):
Event: 122.566 Executing VM operation: HandshakeOneThread
Event: 122.566 Executing VM operation: HandshakeOneThread done
Event: 122.566 Executing VM operation: HandshakeOneThread
Event: 122.566 Executing VM operation: HandshakeOneThread done
Event: 122.566 Executing VM operation: BulkRevokeBias
Event: 122.567 Executing VM operation: BulkRevokeBias done
Event: 122.567 Executing VM operation: BulkRevokeBias
Event: 122.568 Executing VM operation: BulkRevokeBias done
Event: 304.269 Executing VM operation: HandshakeOneThread
Event: 304.269 Executing VM operation: HandshakeOneThread done
Event: 305.971 Executing VM operation: BulkRevokeBias
Event: 305.973 Executing VM operation: BulkRevokeBias done
Event: 305.973 Executing VM operation: BulkRevokeBias
Event: 305.973 Executing VM operation: BulkRevokeBias done
Event: 1074.049 loading class java/security/DomainCombiner
Event: 1074.049 loading class java/security/DomainCombiner done
Event: 1075.131 Executing VM operation: G1CollectForAllocation
Event: 1075.147 Executing VM operation: G1CollectForAllocation done
Event: 1075.147 Executing VM operation: HandshakeOneThread
Event: 1075.147 Executing VM operation: HandshakeOneThread done


Dynamic libraries:
0x00007ff6d8150000 - 0x00007ff6d815d000 	C:\Users\SM-PC\AppData\Local\Temp\eoiD438.tmp\plugins\org.eclipse.justj.openjdk.hotspot.jre.minimal.stripped.win32.x86_64_14.0.2.v20200815-0932\jre\bin\javaw.exe
0x00007ff954bf0000 - 0x00007ff954de6000 	C:\WINDOWS\SYSTEM32\ntdll.dll
0x00007ff9547d0000 - 0x00007ff95488d000 	C:\WINDOWS\System32\KERNEL32.DLL
0x00007ff952330000 - 0x00007ff9525f9000 	C:\WINDOWS\System32\KERNELBASE.dll
0x00007ff952b50000 - 0x00007ff952c50000 	C:\WINDOWS\System32\ucrtbase.dll
0x00007ff94d150000 - 0x00007ff94d168000 	C:\Users\SM-PC\AppData\Local\Temp\eoiD438.tmp\plugins\org.eclipse.justj.openjdk.hotspot.jre.minimal.stripped.win32.x86_64_14.0.2.v20200815-0932\jre\bin\jli.dll
0x00007ff954890000 - 0x00007ff954a30000 	C:\WINDOWS\System32\USER32.dll
0x00007ff952a10000 - 0x00007ff952a32000 	C:\WINDOWS\System32\win32u.dll
0x00007ff9547a0000 - 0x00007ff9547ca000 	C:\WINDOWS\System32\GDI32.dll
0x00007ff952900000 - 0x00007ff952a09000 	C:\WINDOWS\System32\gdi32full.dll
0x00007ff9527b0000 - 0x00007ff95284d000 	C:\WINDOWS\System32\msvcp_win.dll
0x00007ff94d130000 - 0x00007ff94d145000 	C:\Users\SM-PC\AppData\Local\Temp\eoiD438.tmp\plugins\org.eclipse.justj.openjdk.hotspot.jre.minimal.stripped.win32.x86_64_14.0.2.v20200815-0932\jre\bin\VCRUNTIME140.dll
0x00007ff93a780000 - 0x00007ff93aa1b000 	C:\WINDOWS\WinSxS\amd64_microsoft.windows.common-controls_6595b64144ccf1df_6.0.19041.488_none_ca04af081b815d21\COMCTL32.dll
0x00007ff953380000 - 0x00007ff95341e000 	C:\WINDOWS\System32\msvcrt.dll
0x00007ff9531b0000 - 0x00007ff9531e0000 	C:\WINDOWS\System32\IMM32.DLL
0x00007ff94c2f0000 - 0x00007ff94c38b000 	C:\Users\SM-PC\AppData\Local\Temp\eoiD438.tmp\plugins\org.eclipse.justj.openjdk.hotspot.jre.minimal.stripped.win32.x86_64_14.0.2.v20200815-0932\jre\bin\msvcp140.dll
0x00007ff91feb0000 - 0x00007ff9209ce000 	C:\Users\SM-PC\AppData\Local\Temp\eoiD438.tmp\plugins\org.eclipse.justj.openjdk.hotspot.jre.minimal.stripped.win32.x86_64_14.0.2.v20200815-0932\jre\bin\server\jvm.dll
0x00007ff952ef0000 - 0x00007ff952f9c000 	C:\WINDOWS\System32\ADVAPI32.dll
0x00007ff9532e0000 - 0x00007ff95337c000 	C:\WINDOWS\System32\sechost.dll
0x00007ff9534f0000 - 0x00007ff95361b000 	C:\WINDOWS\System32\RPCRT4.dll
0x00007ff953fc0000 - 0x00007ff953fc8000 	C:\WINDOWS\System32\PSAPI.DLL
0x00007ff9390c0000 - 0x00007ff9390c9000 	C:\WINDOWS\SYSTEM32\WSOCK32.dll
0x00007ff953480000 - 0x00007ff9534eb000 	C:\WINDOWS\System32\WS2_32.dll
0x00007ff93c530000 - 0x00007ff93c557000 	C:\WINDOWS\SYSTEM32\WINMM.dll
0x00007ff94af20000 - 0x00007ff94af2a000 	C:\WINDOWS\SYSTEM32\VERSION.dll
0x00007ff950c60000 - 0x00007ff950c72000 	C:\WINDOWS\SYSTEM32\kernel.appcore.dll
0x00007ff94cf60000 - 0x00007ff94cf6a000 	C:\Users\SM-PC\AppData\Local\Temp\eoiD438.tmp\plugins\org.eclipse.justj.openjdk.hotspot.jre.minimal.stripped.win32.x86_64_14.0.2.v20200815-0932\jre\bin\jimage.dll
0x00007ff950920000 - 0x00007ff950b04000 	C:\WINDOWS\SYSTEM32\DBGHELP.DLL
0x00007ff941e60000 - 0x00007ff941e8c000 	C:\WINDOWS\SYSTEM32\dbgcore.DLL
0x00007ff952850000 - 0x00007ff9528d0000 	C:\WINDOWS\System32\bcryptPrimitives.dll
0x00007ff94cf30000 - 0x00007ff94cf55000 	C:\Users\SM-PC\AppData\Local\Temp\eoiD438.tmp\plugins\org.eclipse.justj.openjdk.hotspot.jre.minimal.stripped.win32.x86_64_14.0.2.v20200815-0932\jre\bin\java.dll
0x00007ff94cef0000 - 0x00007ff94cf06000 	C:\Users\SM-PC\AppData\Local\Temp\eoiD438.tmp\plugins\org.eclipse.justj.openjdk.hotspot.jre.minimal.stripped.win32.x86_64_14.0.2.v20200815-0932\jre\bin\zip.dll
0x00007ff953750000 - 0x00007ff953e92000 	C:\WINDOWS\System32\SHELL32.dll
0x00007ff9500b0000 - 0x00007ff950845000 	C:\WINDOWS\SYSTEM32\windows.storage.dll
0x00007ff953fd0000 - 0x00007ff954326000 	C:\WINDOWS\System32\combase.dll
0x00007ff951da0000 - 0x00007ff951dcc000 	C:\WINDOWS\SYSTEM32\Wldp.dll
0x00007ff952dc0000 - 0x00007ff952e6e000 	C:\WINDOWS\System32\SHCORE.dll
0x00007ff953270000 - 0x00007ff9532c5000 	C:\WINDOWS\System32\shlwapi.dll
0x00007ff952260000 - 0x00007ff952286000 	C:\WINDOWS\SYSTEM32\profapi.dll
0x00007ff932ba0000 - 0x00007ff932d38000 	C:\Users\SM-PC\AppData\Local\Temp\eoiD438.tmp\plugins\org.eclipse.justj.openjdk.hotspot.jre.minimal.stripped.win32.x86_64_14.0.2.v20200815-0932\jre\bin\awt.dll
0x00007ff954ae0000 - 0x00007ff954bad000 	C:\WINDOWS\System32\OLEAUT32.dll
0x00007ff94f2f0000 - 0x00007ff94f380000 	C:\WINDOWS\SYSTEM32\apphelp.dll
0x00007ff94fbe0000 - 0x00007ff94fc0f000 	C:\WINDOWS\system32\DWMAPI.DLL
0x00007ff94f420000 - 0x00007ff94f4be000 	C:\WINDOWS\system32\uxtheme.dll
0x00007ff953ea0000 - 0x00007ff953fb6000 	C:\WINDOWS\System32\MSCTF.dll
0x00007ff953620000 - 0x00007ff95374a000 	C:\WINDOWS\System32\ole32.dll
0x00007ff939ef0000 - 0x00007ff93a015000 	C:\WINDOWS\system32\opengl32.dll
0x00007ff93a440000 - 0x00007ff93a46c000 	C:\WINDOWS\SYSTEM32\GLU32.dll
0x00007ff94b200000 - 0x00007ff94b282000 	C:\Users\SM-PC\AppData\Local\Temp\eoiD438.tmp\plugins\org.eclipse.justj.openjdk.hotspot.jre.minimal.stripped.win32.x86_64_14.0.2.v20200815-0932\jre\bin\freetype.dll
0x00007ff944360000 - 0x00007ff944406000 	C:\Users\SM-PC\AppData\Local\Temp\eoiD438.tmp\plugins\org.eclipse.justj.openjdk.hotspot.jre.minimal.stripped.win32.x86_64_14.0.2.v20200815-0932\jre\bin\fontmanager.dll
0x00007ff954a30000 - 0x00007ff954ad9000 	C:\WINDOWS\System32\clbcatq.dll
0x00007ff949c30000 - 0x00007ff949de4000 	C:\WINDOWS\SYSTEM32\WindowsCodecs.dll
0x00007ff9528d0000 - 0x00007ff9528f7000 	C:\WINDOWS\System32\bcrypt.dll
0x00007ff92c780000 - 0x00007ff92c7be000 	C:\WINDOWS\system32\dataexchange.dll
0x00007ff94e7f0000 - 0x00007ff94e9d7000 	C:\WINDOWS\system32\dcomp.dll
0x00007ff94da00000 - 0x00007ff94dc64000 	C:\WINDOWS\system32\d3d11.dll
0x00007ff950c80000 - 0x00007ff950d73000 	C:\WINDOWS\system32\dxgi.dll
0x00007ff94b4f0000 - 0x00007ff94b6f8000 	C:\WINDOWS\system32\twinapi.appcore.dll
0x00007ff94cce0000 - 0x00007ff94ccf9000 	C:\Users\SM-PC\AppData\Local\Temp\eoiD438.tmp\plugins\org.eclipse.justj.openjdk.hotspot.jre.minimal.stripped.win32.x86_64_14.0.2.v20200815-0932\jre\bin\net.dll
0x00007ff94aa90000 - 0x00007ff94ab90000 	C:\WINDOWS\SYSTEM32\WINHTTP.dll
0x00007ff951b20000 - 0x00007ff951b8a000 	C:\WINDOWS\system32\mswsock.dll
0x00007ff94ccc0000 - 0x00007ff94ccd2000 	C:\Users\SM-PC\AppData\Local\Temp\eoiD438.tmp\plugins\org.eclipse.justj.openjdk.hotspot.jre.minimal.stripped.win32.x86_64_14.0.2.v20200815-0932\jre\bin\nio.dll
0x00007ff93b0a0000 - 0x00007ff93b19d000 	C:\WINDOWS\SYSTEM32\textinputframework.dll
0x00007ff94ed60000 - 0x00007ff94f0be000 	C:\WINDOWS\System32\CoreUIComponents.dll
0x00007ff94f0c0000 - 0x00007ff94f1b2000 	C:\WINDOWS\System32\CoreMessaging.dll
0x00007ff951070000 - 0x00007ff9510a3000 	C:\WINDOWS\SYSTEM32\ntmarta.dll
0x00007ff94e690000 - 0x00007ff94e7e6000 	C:\WINDOWS\SYSTEM32\wintypes.dll
0x00007ff927a90000 - 0x00007ff927b61000 	C:\Windows\System32\IME\IMEKR\imkrtip.dll
0x00007ff94f8b0000 - 0x00007ff94f9a7000 	C:\WINDOWS\SYSTEM32\PROPSYS.dll
0x00007ff927940000 - 0x00007ff927a82000 	C:\Windows\System32\IME\shared\imetip.dll
0x00007ff927790000 - 0x00007ff92793e000 	C:\WINDOWS\SYSTEM32\DUI70.dll
0x00007ff93b450000 - 0x00007ff93b4b6000 	C:\WINDOWS\SYSTEM32\OLEACC.dll
0x00007ff927750000 - 0x00007ff927790000 	C:\Windows\System32\IME\IMEKR\imkrapi.dll
0x00007ff94bbc0000 - 0x00007ff94bc60000 	C:\WINDOWS\SYSTEM32\policymanager.dll
0x00007ff9514e0000 - 0x00007ff95156a000 	C:\WINDOWS\SYSTEM32\msvcp110_win.dll
0x00007ff927710000 - 0x00007ff92774e000 	C:\Windows\System32\IME\shared\imjkapi.dll
0x00007ff92d950000 - 0x00007ff92d9fc000 	C:\WINDOWS\SYSTEM32\TextShaping.dll

dbghelp: loaded successfully - version: 4.0.5 - missing functions: none
symbol engine: initialized successfully - sym options: 0x614 - pdb path: .;C:\Users\SM-PC\AppData\Local\Temp\eoiD438.tmp\plugins\org.eclipse.justj.openjdk.hotspot.jre.minimal.stripped.win32.x86_64_14.0.2.v20200815-0932\jre\bin;C:\WINDOWS\SYSTEM32;C:\WINDOWS\WinSxS\amd64_microsoft.windows.common-controls_6595b64144ccf1df_6.0.19041.488_none_ca04af081b815d21;C:\Users\SM-PC\AppData\Local\Temp\eoiD438.tmp\plugins\org.eclipse.justj.openjdk.hotspot.jre.minimal.stripped.win32.x86_64_14.0.2.v20200815-0932\jre\bin\server;C:\Windows\System32\IME\IMEKR;C:\Windows\System32\IME\shared

VM Arguments:
jvm_args: -Dfile.encoding=MS949 -XX:+ShowCodeDetailsInExceptionMessages 
java_command: client.ClientGui
java_class_path (initial): C:\Users\SM-PC\eclipse-workspace\Multichat2\bin
Launcher Type: SUN_STANDARD

[Global flags]
     intx CICompilerCount                          = 3                                         {product} {ergonomic}
     uint ConcGCThreads                            = 1                                         {product} {ergonomic}
     uint G1ConcRefinementThreads                  = 4                                         {product} {ergonomic}
   size_t G1HeapRegionSize                         = 1048576                                   {product} {ergonomic}
    uintx GCDrainStackTargetSize                   = 64                                        {product} {ergonomic}
   size_t InitialHeapSize                          = 134217728                                 {product} {ergonomic}
   size_t MarkStackSize                            = 4194304                                   {product} {ergonomic}
   size_t MaxHeapSize                              = 2126512128                                {product} {ergonomic}
   size_t MaxNewSize                               = 1275068416                                {product} {ergonomic}
   size_t MinHeapDeltaBytes                        = 1048576                                   {product} {ergonomic}
   size_t MinHeapSize                              = 8388608                                   {product} {ergonomic}
    uintx NonNMethodCodeHeapSize                   = 5832780                                {pd product} {ergonomic}
    uintx NonProfiledCodeHeapSize                  = 122912730                              {pd product} {ergonomic}
    uintx ProfiledCodeHeapSize                     = 122912730                              {pd product} {ergonomic}
    uintx ReservedCodeCacheSize                    = 251658240                              {pd product} {ergonomic}
     bool SegmentedCodeCache                       = true                                      {product} {ergonomic}
     bool ShowCodeDetailsInExceptionMessages       = true                                   {manageable} {command line}
   size_t SoftMaxHeapSize                          = 2126512128                             {manageable} {ergonomic}
     bool UseCompressedClassPointers               = true                                 {lp64_product} {ergonomic}
     bool UseCompressedOops                        = true                                 {lp64_product} {ergonomic}
     bool UseG1GC                                  = true                                      {product} {ergonomic}
     bool UseLargePagesIndividualAllocation        = false                                  {pd product} {ergonomic}

Logging:
Log output configuration:
 #0: stdout all=warning uptime,level,tags
 #1: stderr all=off uptime,level,tags

Environment Variables:
JAVA_HOME=C:\Program Files\Java\jdk-15.0.1
CLASSPATH=%classpath%;.
PATH=C:\Program Files\Common Files\Oracle\Java\javapath;C:\Program Files\Java\jdk-15.0.1\bin;C:\WINDOWS\system32;C:\WINDOWS;C:\WINDOWS\System32\Wbem;C:\WINDOWS\System32\WindowsPowerShell\v1.0\;C:\WINDOWS\System32\OpenSSH\;C:\Program Files\nodejs\;C:\Users\SM-PC\AppData\Roaming\npm;C:\Program Files\PuTTY\;C:\Program Files\Java\jdk-15.0.1bin;C:\Program Files\MySQL\MySQL Shell 8.0\bin\;C:\Users\SM-PC\AppData\Local\Microsoft\WindowsApps;C:\Users\SM-PC\AppData\Local\atom\bin;C:\Users\SM-PC\AppData\Local\Microsoft\WindowsApps;C:\Users\SM-PC\AppData\Roaming\npm;C:\Users\SM-PC\AppData\Local\Programs\Microsoft VS Code\bin
USERNAME=SM-PC
OS=Windows_NT
PROCESSOR_IDENTIFIER=Intel64 Family 6 Model 142 Stepping 9, GenuineIntel



---------------  S Y S T E M  ---------------

OS: Windows 10 , 64 bit Build 19041 (10.0.19041.662)
OS uptime: 0 days 8:52 hours

CPU:total 4 (initial active 4) (2 cores per cpu, 2 threads per core) family 6 model 142 stepping 9, cmov, cx8, fxsr, mmx, sse, sse2, sse3, ssse3, sse4.1, sse4.2, popcnt, avx, avx2, aes, clmul, erms, 3dnowpref, lzcnt, ht, tsc, tscinvbit, bmi1, bmi2, adx, fma

Memory: 4k page, system-wide physical 8105M (902M free)
TotalPageFile size 8105M (AvailPageFile size 3M)
current process WorkingSet (physical memory assigned to process): 85M, peak: 93M
current process commit charge ("private bytes"): 220M, peak: 233M

vm_info: OpenJDK 64-Bit Server VM (14.0.2+12-46) for windows-amd64 JRE (14.0.2+12-46), built on Jul  9 2020 00:31:16 by "mach5one" with MS VC++ 15.9 (VS2017)

END.
